2024-01-09 21:13:35.553 CST [4244] LOG:  se recibiÛ peticiÛn de apagado r·pido
2024-01-09 21:13:35.568 CST [4244] LOG:  abortando transacciones activas
2024-01-09 21:13:35.588 CST [1184] FATAL:  terminando la conexi√≥n debido a una orden del administrador
2024-01-09 21:13:35.588 CST [7828] FATAL:  terminando la conexi√≥n debido a una orden del administrador
2024-01-09 21:13:35.589 CST [3604] FATAL:  terminando la conexi√≥n debido a una orden del administrador
2024-01-09 21:13:35.590 CST [9928] FATAL:  terminando la conexi√≥n debido a una orden del administrador
2024-01-09 21:13:35.634 CST [4956] FATAL:  terminando la conexi√≥n debido a una orden del administrador
2024-01-09 21:13:35.634 CST [8660] FATAL:  terminando la conexi√≥n debido a una orden del administrador
2024-01-09 21:13:35.634 CST [1660] FATAL:  terminando la conexi√≥n debido a una orden del administrador
2024-01-09 21:13:35.640 CST [2660] FATAL:  terminando la conexi√≥n debido a una orden del administrador
2024-01-09 21:13:35.653 CST [1936] FATAL:  terminando la conexi√≥n debido a una orden del administrador
2024-01-09 21:13:35.654 CST [2604] FATAL:  terminando la conexi√≥n debido a una orden del administrador
2024-01-09 21:13:35.660 CST [9344] FATAL:  terminando la conexi√≥n debido a una orden del administrador
2024-01-09 21:13:35.664 CST [4744] ERROR:  cancelando la sentencia debido a una peticiÛn del usuario
2024-01-09 21:13:35.664 CST [6560] FATAL:  terminando la conexi√≥n debido a una orden del administrador
2024-01-09 21:13:35.679 CST [7560] FATAL:  terminando la conexi√≥n debido a una orden del administrador
2024-01-09 21:13:35.665 CST [5108] FATAL:  terminando la conexi√≥n debido a una orden del administrador
2024-01-09 21:13:35.713 CST [10004] FATAL:  terminando la conexi√≥n debido a una orden del administrador
2024-01-09 21:13:35.714 CST [3288] FATAL:  terminando la conexi√≥n debido a una orden del administrador
2024-01-09 21:13:35.719 CST [5344] FATAL:  terminando la conexi√≥n debido a una orden del administrador
2024-01-09 21:13:35.723 CST [10132] FATAL:  terminando la conexi√≥n debido a una orden del administrador
2024-01-09 21:13:35.735 CST [8400] FATAL:  terminando la conexi√≥n debido a una orden del administrador
2024-01-09 21:13:35.742 CST [1516] FATAL:  terminando la conexi√≥n debido a una orden del administrador
2024-01-09 21:13:35.742 CST [2580] FATAL:  terminando la conexi√≥n debido a una orden del administrador
2024-01-09 21:13:35.751 CST [5184] FATAL:  terminando la conexi√≥n debido a una orden del administrador
2024-01-09 21:13:35.752 CST [8548] FATAL:  terminando la conexi√≥n debido a una orden del administrador
2024-01-09 21:13:35.763 CST [9228] FATAL:  terminando la conexi√≥n debido a una orden del administrador
2024-01-09 21:13:35.763 CST [7564] FATAL:  terminando la conexi√≥n debido a una orden del administrador
2024-01-09 21:13:35.768 CST [8904] FATAL:  terminando la conexi√≥n debido a una orden del administrador
2024-01-09 21:13:35.770 CST [7940] FATAL:  terminando la conexi√≥n debido a una orden del administrador
2024-01-09 21:13:35.770 CST [5024] FATAL:  terminando la conexi√≥n debido a una orden del administrador
2024-01-09 21:13:35.777 CST [1688] FATAL:  terminando la conexi√≥n debido a una orden del administrador
2024-01-09 21:13:35.780 CST [6824] FATAL:  terminando la conexi√≥n debido a una orden del administrador
2024-01-09 21:13:35.795 CST [5636] FATAL:  terminando la conexi√≥n debido a una orden del administrador
2024-01-09 21:13:35.795 CST [6184] FATAL:  terminando la conexi√≥n debido a una orden del administrador
2024-01-09 21:13:35.811 CST [8420] FATAL:  terminando la conexi√≥n debido a una orden del administrador
2024-01-09 21:13:35.823 CST [7980] FATAL:  terminando la conexi√≥n debido a una orden del administrador
2024-01-09 21:13:35.830 CST [8004] FATAL:  terminando la conexi√≥n debido a una orden del administrador
2024-01-09 21:13:35.839 CST [8836] FATAL:  terminando la conexi√≥n debido a una orden del administrador
2024-01-09 21:13:35.846 CST [8076] FATAL:  terminando la conexi√≥n debido a una orden del administrador
2024-01-09 21:13:35.852 CST [6052] FATAL:  terminando la conexi√≥n debido a una orden del administrador
2024-01-09 21:13:35.858 CST [5692] FATAL:  terminando la conexi√≥n debido a una orden del administrador
2024-01-09 21:13:35.864 CST [620] FATAL:  terminando la conexi√≥n debido a una orden del administrador
2024-01-09 21:13:35.873 CST [3088] FATAL:  terminando la conexi√≥n debido a una orden del administrador
2024-01-09 21:13:35.886 CST [9416] FATAL:  terminando la conexi√≥n debido a una orden del administrador
2024-01-09 21:13:35.889 CST [10000] FATAL:  terminando la conexi√≥n debido a una orden del administrador
2024-01-09 21:13:35.892 CST [7732] FATAL:  terminando la conexi√≥n debido a una orden del administrador
2024-01-09 21:13:35.898 CST [5928] FATAL:  terminando la conexi√≥n debido a una orden del administrador
2024-01-09 21:13:35.907 CST [6928] FATAL:  terminando la conexi√≥n debido a una orden del administrador
2024-01-09 21:13:35.920 CST [2220] FATAL:  terminando la conexi√≥n debido a una orden del administrador
2024-01-09 21:13:35.924 CST [4472] FATAL:  terminando la conexi√≥n debido a una orden del administrador
2024-01-09 21:13:35.929 CST [1932] FATAL:  terminando la conexi√≥n debido a una orden del administrador
2024-01-09 21:13:35.936 CST [6252] FATAL:  terminando la conexi√≥n debido a una orden del administrador
2024-01-09 21:13:35.944 CST [9780] FATAL:  terminando la conexi√≥n debido a una orden del administrador
2024-01-09 21:13:35.952 CST [6156] FATAL:  terminando la conexi√≥n debido a una orden del administrador
2024-01-09 21:13:35.960 CST [9280] FATAL:  terminando la conexi√≥n debido a una orden del administrador
2024-01-09 21:13:35.967 CST [2948] FATAL:  terminando la conexi√≥n debido a una orden del administrador
2024-01-09 21:13:35.975 CST [2632] FATAL:  terminando la conexi√≥n debido a una orden del administrador
2024-01-09 21:13:35.979 CST [2752] FATAL:  terminando la conexi√≥n debido a una orden del administrador
2024-01-09 21:13:35.988 CST [3432] FATAL:  terminando la conexi√≥n debido a una orden del administrador
2024-01-09 21:13:35.999 CST [3408] FATAL:  terminando la conexi√≥n debido a una orden del administrador
2024-01-09 21:13:36.024 CST [2108] FATAL:  terminando la conexi√≥n debido a una orden del administrador
2024-01-09 21:13:36.024 CST [2112] FATAL:  terminando la conexi√≥n debido a una orden del administrador
2024-01-09 21:13:36.027 CST [5040] FATAL:  terminando la conexi√≥n debido a una orden del administrador
2024-01-09 21:13:36.035 CST [5036] FATAL:  terminando la conexi√≥n debido a una orden del administrador
2024-01-09 21:13:36.065 CST [4244] LOG:  proceso ayudante ´logical replication launcherª (PID 4744) terminÛ con cÛdigo de salida 1
2024-01-09 21:13:36.282 CST [4700] LOG:  apagando
2024-01-09 21:13:36.384 CST [4244] LOG:  el sistema de bases de datos est· apagado
